2019/09/24 09:23:19 server.go:3055: http: panic serving [::1]:51478: runtime error: invalid memory address or nil pointer dereference
goroutine 6 [running]:
net/http.(*conn).serve.func1(0xc00013e500)
	/usr/local/go/src/net/http/server.go:1767 +0x139
panic(0x1325c40, 0x160f390)
	/usr/local/go/src/runtime/panic.go:679 +0x1b2
sync.(*Mutex).Lock(...)
	/usr/local/go/src/sync/mutex.go:74
database/sql.(*DB).conn(0x0, 0x14032a0, 0xc0000a4050, 0x130b101, 0xc0000184b0, 0x0, 0xc000018478)
	/usr/local/go/src/database/sql/sql.go:1132 +0x41
database/sql.(*DB).exec(0x0, 0x14032a0, 0xc0000a4050, 0x1396928, 0x22, 0xc0001079c8, 0x2, 0x2, 0xc000107901, 0x128e9ca, ...)
	/usr/local/go/src/database/sql/sql.go:1495 +0x66
database/sql.(*DB).ExecContext(0x0, 0x14032a0, 0xc0000a4050, 0x1396928, 0x22, 0xc0001079c8, 0x2, 0x2, 0x0, 0xc0000143a0, ...)
	/usr/local/go/src/database/sql/sql.go:1477 +0xde
database/sql.(*DB).Exec(...)
	/usr/local/go/src/database/sql/sql.go:1491
github.com/portfolio/internal/infra/persistence.SignupPersistence.Create(0xc000018500, 0x5, 0xc000018508, 0x4, 0x0, 0xc0000142c0)
	/Users/masashi/go/src/github.com/portfolio/internal/infra/persistence/signup_persistence.go:12 +0x113
github.com/portfolio/internal/usecase.SignupUsecase.Create(...)
	/Users/masashi/go/src/github.com/portfolio/internal/usecase/signup_usecase.go:13
github.com/portfolio/internal/interfaces/api.SignupHandler(0x1402a20, 0xc00015a0e0, 0xc000170100)
	/Users/masashi/go/src/github.com/portfolio/internal/interfaces/api/signup_handler.go:27 +0x220
net/http.HandlerFunc.ServeHTTP(0x13a5918, 0x1402a20, 0xc00015a0e0, 0xc000170100)
	/usr/local/go/src/net/http/server.go:2007 +0x44
github.com/gorilla/mux.(*Router).ServeHTTP(0xc00011a0c0, 0x1402a20, 0xc00015a0e0, 0xc000164000)
	/Users/masashi/go/src/github.com/gorilla/mux/mux.go:210 +0xe2
net/http.serverHandler.ServeHTTP(0xc00015a000, 0x1402a20, 0xc00015a0e0, 0xc000164000)
	/usr/local/go/src/net/http/server.go:2802 +0xa4
net/http.(*conn).serve(0xc00013e500, 0x1403260, 0xc0000c8280)
	/usr/local/go/src/net/http/server.go:1890 +0x875
created by net/http.(*Server).Serve
	/usr/local/go/src/net/http/server.go:2927 +0x38e
2019/09/24 09:23:25 server.go:3055: http: panic serving [::1]:51505: runtime error: invalid memory address or nil pointer dereference
goroutine 35 [running]:
net/http.(*conn).serve.func1(0xc0000af0e0)
	/usr/local/go/src/net/http/server.go:1767 +0x139
panic(0x1325c40, 0x160f390)
	/usr/local/go/src/runtime/panic.go:679 +0x1b2
sync.(*Mutex).Lock(...)
	/usr/local/go/src/sync/mutex.go:74
database/sql.(*DB).conn(0x0, 0x14032a0, 0xc0000a4050, 0x130b101, 0xc0000184b0, 0x0, 0xc00013a0b8)
	/usr/local/go/src/database/sql/sql.go:1132 +0x41
database/sql.(*DB).exec(0x0, 0x14032a0, 0xc0000a4050, 0x1396928, 0x22, 0xc0001019c8, 0x2, 0x2, 0xc000101901, 0x128e9ca, ...)
	/usr/local/go/src/database/sql/sql.go:1495 +0x66
database/sql.(*DB).ExecContext(0x0, 0x14032a0, 0xc0000a4050, 0x1396928, 0x22, 0xc0001019c8, 0x2, 0x2, 0x0, 0xc000096240, ...)
	/usr/local/go/src/database/sql/sql.go:1477 +0xde
database/sql.(*DB).Exec(...)
	/usr/local/go/src/database/sql/sql.go:1491
github.com/portfolio/internal/infra/persistence.SignupPersistence.Create(0xc00013a0c0, 0x5, 0xc00013a0c8, 0x4, 0x0, 0xc000096160)
	/Users/masashi/go/src/github.com/portfolio/internal/infra/persistence/signup_persistence.go:12 +0x113
github.com/portfolio/internal/usecase.SignupUsecase.Create(...)
	/Users/masashi/go/src/github.com/portfolio/internal/usecase/signup_usecase.go:13
github.com/portfolio/internal/interfaces/api.SignupHandler(0x1402a20, 0xc0001ac000, 0xc0001b0100)
	/Users/masashi/go/src/github.com/portfolio/internal/interfaces/api/signup_handler.go:27 +0x220
net/http.HandlerFunc.ServeHTTP(0x13a5918, 0x1402a20, 0xc0001ac000, 0xc0001b0100)
	/usr/local/go/src/net/http/server.go:2007 +0x44
github.com/gorilla/mux.(*Router).ServeHTTP(0xc00011a0c0, 0x1402a20, 0xc0001ac000, 0xc000164100)
	/Users/masashi/go/src/github.com/gorilla/mux/mux.go:210 +0xe2
net/http.serverHandler.ServeHTTP(0xc00015a000, 0x1402a20, 0xc0001ac000, 0xc000164100)
	/usr/local/go/src/net/http/server.go:2802 +0xa4
net/http.(*conn).serve(0xc0000af0e0, 0x1403260, 0xc0000c8380)
	/usr/local/go/src/net/http/server.go:1890 +0x875
created by net/http.(*Server).Serve
	/usr/local/go/src/net/http/server.go:2927 +0x38e
2019/09/24 09:24:10 server.go:3055: http: panic serving [::1]:51687: runtime error: invalid memory address or nil pointer dereference
goroutine 35 [running]:
net/http.(*conn).serve.func1(0xc0000a6f00)
	/usr/local/go/src/net/http/server.go:1767 +0x139
panic(0x1325c40, 0x160f390)
	/usr/local/go/src/runtime/panic.go:679 +0x1b2
sync.(*Mutex).Lock(...)
	/usr/local/go/src/sync/mutex.go:74
database/sql.(*DB).conn(0x0, 0x14032a0, 0xc00009c050, 0x130b101, 0xc00009c4b0, 0x0, 0xc00009c478)
	/usr/local/go/src/database/sql/sql.go:1132 +0x41
database/sql.(*DB).exec(0x0, 0x14032a0, 0xc00009c050, 0x1396928, 0x22, 0xc0000f99c8, 0x2, 0x2, 0xc0000f9901, 0x128e9ca, ...)
	/usr/local/go/src/database/sql/sql.go:1495 +0x66
database/sql.(*DB).ExecContext(0x0, 0x14032a0, 0xc00009c050, 0x1396928, 0x22, 0xc0000f99c8, 0x2, 0x2, 0x0, 0xc0000d03a0, ...)
	/usr/local/go/src/database/sql/sql.go:1477 +0xde
database/sql.(*DB).Exec(...)
	/usr/local/go/src/database/sql/sql.go:1491
github.com/portfolio/internal/infra/persistence.SignupPersistence.Create(0xc00009c500, 0x5, 0xc00009c508, 0x4, 0x0, 0xc0000d02c0)
	/Users/masashi/go/src/github.com/portfolio/internal/infra/persistence/signup_persistence.go:12 +0x113
github.com/portfolio/internal/usecase.SignupUsecase.Create(...)
	/Users/masashi/go/src/github.com/portfolio/internal/usecase/signup_usecase.go:13
github.com/portfolio/internal/interfaces/api.SignupHandler(0x1402a20, 0xc000168000, 0xc00016e100)
	/Users/masashi/go/src/github.com/portfolio/internal/interfaces/api/signup_handler.go:27 +0x220
net/http.HandlerFunc.ServeHTTP(0x13a5918, 0x1402a20, 0xc000168000, 0xc00016e100)
	/usr/local/go/src/net/http/server.go:2007 +0x44
github.com/gorilla/mux.(*Router).ServeHTTP(0xc00014e000, 0x1402a20, 0xc000168000, 0xc000166000)
	/Users/masashi/go/src/github.com/gorilla/mux/mux.go:210 +0xe2
net/http.serverHandler.ServeHTTP(0xc000158000, 0x1402a20, 0xc000168000, 0xc000166000)
	/usr/local/go/src/net/http/server.go:2802 +0xa4
net/http.(*conn).serve(0xc0000a6f00, 0x1403260, 0xc0000740c0)
	/usr/local/go/src/net/http/server.go:1890 +0x875
created by net/http.(*Server).Serve
	/usr/local/go/src/net/http/server.go:2927 +0x38e
2019/09/24 09:31:10 server.go:3055: http: panic serving [::1]:49380: runtime error: invalid memory address or nil pointer dereference
goroutine 37 [running]:
net/http.(*conn).serve.func1(0xc0000fe320)
	/usr/local/go/src/net/http/server.go:1767 +0x139
panic(0x1325c40, 0x160f390)
	/usr/local/go/src/runtime/panic.go:679 +0x1b2
sync.(*Mutex).Lock(...)
	/usr/local/go/src/sync/mutex.go:74
database/sql.(*DB).conn(0x0, 0x14032a0, 0xc0000180b0, 0x130b101, 0xc000104160, 0x0, 0xc000104128)
	/usr/local/go/src/database/sql/sql.go:1132 +0x41
database/sql.(*DB).exec(0x0, 0x14032a0, 0xc0000180b0, 0x1396928, 0x22, 0xc0000f39c8, 0x2, 0x2, 0xc0000f3901, 0x128e9ca, ...)
	/usr/local/go/src/database/sql/sql.go:1495 +0x66
database/sql.(*DB).ExecContext(0x0, 0x14032a0, 0xc0000180b0, 0x1396928, 0x22, 0xc0000f39c8, 0x2, 0x2, 0x0, 0xc0001880e0, ...)
	/usr/local/go/src/database/sql/sql.go:1477 +0xde
database/sql.(*DB).Exec(...)
	/usr/local/go/src/database/sql/sql.go:1491
github.com/portfolio/internal/infra/persistence.SignupPersistence.Create(0xc0001041b0, 0x5, 0xc0001041b8, 0x4, 0x0, 0xc000188000)
	/Users/masashi/go/src/github.com/portfolio/internal/infra/persistence/signup_persistence.go:12 +0x113
github.com/portfolio/internal/usecase.SignupUsecase.Create(...)
	/Users/masashi/go/src/github.com/portfolio/internal/usecase/signup_usecase.go:13
github.com/portfolio/internal/interfaces/api.SignupHandler(0x1402a20, 0xc000182000, 0xc000186100)
	/Users/masashi/go/src/github.com/portfolio/internal/interfaces/api/signup_handler.go:27 +0x220
net/http.HandlerFunc.ServeHTTP(0x13a5918, 0x1402a20, 0xc000182000, 0xc000186100)
	/usr/local/go/src/net/http/server.go:2007 +0x44
github.com/gorilla/mux.(*Router).ServeHTTP(0xc00014c000, 0x1402a20, 0xc000182000, 0xc000174000)
	/Users/masashi/go/src/github.com/gorilla/mux/mux.go:210 +0xe2
net/http.serverHandler.ServeHTTP(0xc00014e000, 0x1402a20, 0xc000182000, 0xc000174000)
	/usr/local/go/src/net/http/server.go:2802 +0xa4
net/http.(*conn).serve(0xc0000fe320, 0x1403260, 0xc00015e000)
	/usr/local/go/src/net/http/server.go:1890 +0x875
created by net/http.(*Server).Serve
	/usr/local/go/src/net/http/server.go:2927 +0x38e
2019/09/24 09:33:40 server.go:3055: http: panic serving [::1]:49420: runtime error: invalid memory address or nil pointer dereference
goroutine 21 [running]:
net/http.(*conn).serve.func1(0xc0001460a0)
	/usr/local/go/src/net/http/server.go:1767 +0x139
panic(0x1325c80, 0x160f390)
	/usr/local/go/src/runtime/panic.go:679 +0x1b2
sync.(*Mutex).Lock(...)
	/usr/local/go/src/sync/mutex.go:74
database/sql.(*DB).conn(0x0, 0x1403300, 0xc0000a6050, 0x130b101, 0xc000018260, 0x0, 0xc000018228)
	/usr/local/go/src/database/sql/sql.go:1132 +0x41
database/sql.(*DB).exec(0x0, 0x1403300, 0xc0000a6050, 0x1396986, 0x22, 0xc0001099c8, 0x2, 0x2, 0xc000109901, 0x128e9ca, ...)
	/usr/local/go/src/database/sql/sql.go:1495 +0x66
database/sql.(*DB).ExecContext(0x0, 0x1403300, 0xc0000a6050, 0x1396986, 0x22, 0xc0001099c8, 0x2, 0x2, 0x0, 0xc000014240, ...)
	/usr/local/go/src/database/sql/sql.go:1477 +0xde
database/sql.(*DB).Exec(...)
	/usr/local/go/src/database/sql/sql.go:1491
github.com/portfolio/internal/infra/persistence.SignupPersistence.Create(0xc0000182b0, 0x5, 0xc0000182b8, 0x4, 0x0, 0xc000014160)
	/Users/masashi/go/src/github.com/portfolio/internal/infra/persistence/signup_persistence.go:12 +0x113
github.com/portfolio/internal/usecase.SignupUsecase.Create(...)
	/Users/masashi/go/src/github.com/portfolio/internal/usecase/signup_usecase.go:13
github.com/portfolio/internal/interfaces/api.SignupHandler(0x1402a80, 0xc00016a000, 0xc00016e100)
	/Users/masashi/go/src/github.com/portfolio/internal/interfaces/api/signup_handler.go:27 +0x220
net/http.HandlerFunc.ServeHTTP(0x13a5978, 0x1402a80, 0xc00016a000, 0xc00016e100)
	/usr/local/go/src/net/http/server.go:2007 +0x44
github.com/gorilla/mux.(*Router).ServeHTTP(0xc000148000, 0x1402a80, 0xc00016a000, 0xc000160000)
	/Users/masashi/go/src/github.com/gorilla/mux/mux.go:210 +0xe2
net/http.serverHandler.ServeHTTP(0xc00014e000, 0x1402a80, 0xc00016a000, 0xc000160000)
	/usr/local/go/src/net/http/server.go:2802 +0xa4
net/http.(*conn).serve(0xc0001460a0, 0x14032c0, 0xc0000ca2c0)
	/usr/local/go/src/net/http/server.go:1890 +0x875
created by net/http.(*Server).Serve
	/usr/local/go/src/net/http/server.go:2927 +0x38e
2019/09/24 14:13:35 server.go:3055: http: panic serving [::1]:51544: runtime error: invalid memory address or nil pointer dereference
goroutine 5 [running]:
net/http.(*conn).serve.func1(0xc0000bb360)
	/usr/local/go/src/net/http/server.go:1767 +0x139
panic(0x132b7c0, 0x161a370)
	/usr/local/go/src/runtime/panic.go:679 +0x1b2
sync.(*Mutex).Lock(...)
	/usr/local/go/src/sync/mutex.go:74
database/sql.(*DB).conn(0x0, 0x140a6a0, 0xc0000180b0, 0xc000138001, 0x8, 0x1345720, 0xc00013e020)
	/usr/local/go/src/database/sql/sql.go:1132 +0x41
database/sql.(*DB).PingContext(0x0, 0x140a6a0, 0xc0000180b0, 0xa, 0x0)
	/usr/local/go/src/database/sql/sql.go:782 +0x90
database/sql.(*DB).Ping(...)
	/usr/local/go/src/database/sql/sql.go:800
github.com/portfolio/internal/infra/persistence.SignupPersistence.Create(0xc000138130, 0x5, 0xc000138138, 0x4, 0x0, 0xc000154000)
	/Users/masashi/go/src/github.com/portfolio/internal/infra/persistence/signup_persistence.go:15 +0x5a
github.com/portfolio/internal/usecase.SignupUsecase.Create(...)
	/Users/masashi/go/src/github.com/portfolio/internal/usecase/signup_usecase.go:13
github.com/portfolio/internal/interfaces/api.SignupHandler(0x1409e20, 0xc00014a000, 0xc000150100)
	/Users/masashi/go/src/github.com/portfolio/internal/interfaces/api/signup_handler.go:27 +0x220
net/http.HandlerFunc.ServeHTTP(0x13abd80, 0x1409e20, 0xc00014a000, 0xc000150100)
	/usr/local/go/src/net/http/server.go:2007 +0x44
github.com/gorilla/mux.(*Router).ServeHTTP(0xc000116000, 0x1409e20, 0xc00014a000, 0xc00012c000)
	/Users/masashi/go/src/github.com/gorilla/mux/mux.go:210 +0xe2
net/http.serverHandler.ServeHTTP(0xc00011a000, 0x1409e20, 0xc00014a000, 0xc00012c000)
	/usr/local/go/src/net/http/server.go:2802 +0xa4
net/http.(*conn).serve(0xc0000bb360, 0x140a660, 0xc000086080)
	/usr/local/go/src/net/http/server.go:1890 +0x875
created by net/http.(*Server).Serve
	/usr/local/go/src/net/http/server.go:2927 +0x38e
2019/09/24 14:15:10 server.go:3055: http: panic serving [::1]:51560: runtime error: invalid memory address or nil pointer dereference
goroutine 21 [running]:
net/http.(*conn).serve.func1(0xc0000b6e60)
	/usr/local/go/src/net/http/server.go:1767 +0x139
panic(0x132a980, 0x1618370)
	/usr/local/go/src/runtime/panic.go:679 +0x1b2
sync.(*Mutex).Lock(...)
	/usr/local/go/src/sync/mutex.go:74
database/sql.(*DB).conn(0x0, 0x14094c0, 0xc0000ae050, 0xc00000e001, 0x8, 0x1625a40, 0x0)
	/usr/local/go/src/database/sql/sql.go:1132 +0x41
database/sql.(*DB).query(0x0, 0x14094c0, 0xc0000ae050, 0x13959d5, 0x13, 0x0, 0x0, 0x0, 0x12cae01, 0x130f0c0, ...)
	/usr/local/go/src/database/sql/sql.go:1565 +0x66
database/sql.(*DB).QueryContext(0x0, 0x14094c0, 0xc0000ae050, 0x13959d5, 0x13, 0x0, 0x0, 0x0, 0x0, 0x2, ...)
	/usr/local/go/src/database/sql/sql.go:1547 +0xd1
database/sql.(*DB).Query(...)
	/usr/local/go/src/database/sql/sql.go:1561
github.com/portfolio/internal/infra/persistence.SignupPersistence.Create(0xc0000181b0, 0x5, 0xc0000181b8, 0x4, 0x0, 0xc000014160)
	/Users/masashi/go/src/github.com/portfolio/internal/infra/persistence/signup_persistence.go:19 +0x7d
github.com/portfolio/internal/usecase.SignupUsecase.Create(...)
	/Users/masashi/go/src/github.com/portfolio/internal/usecase/signup_usecase.go:13
github.com/portfolio/internal/interfaces/api.SignupHandler(0x1408c00, 0xc00014c000, 0xc00013e200)
	/Users/masashi/go/src/github.com/portfolio/internal/interfaces/api/signup_handler.go:27 +0x220
net/http.HandlerFunc.ServeHTTP(0x13aade0, 0x1408c00, 0xc00014c000, 0xc00013e200)
	/usr/local/go/src/net/http/server.go:2007 +0x44
github.com/gorilla/mux.(*Router).ServeHTTP(0xc00010e000, 0x1408c00, 0xc00014c000, 0xc00013e000)
	/Users/masashi/go/src/github.com/gorilla/mux/mux.go:210 +0xe2
net/http.serverHandler.ServeHTTP(0xc000124000, 0x1408c00, 0xc00014c000, 0xc00013e000)
	/usr/local/go/src/net/http/server.go:2802 +0xa4
net/http.(*conn).serve(0xc0000b6e60, 0x1409480, 0xc00012c000)
	/usr/local/go/src/net/http/server.go:1890 +0x875
created by net/http.(*Server).Serve
	/usr/local/go/src/net/http/server.go:2927 +0x38e
2019/09/24 19:52:39 signup_handler.go:31: Error Reason %vError 1062: Duplicate entry 'mapaa' for key 'login_id'
2019/09/24 19:53:28 signup_handler.go:31: Error Reason %vError 1062: Duplicate entry 'mapaa' for key 'login_id'
2019/09/24 19:54:25 signup_handler.go:31: Error Reason %vError 1062: Duplicate entry 'mapaa' for key 'login_id'
2019/09/24 19:55:58 signup_handler.go:31: Error Reason %vError 1062: Duplicate entry 'mapaa' for key 'login_id'
